0 info it worked if it ends with ok
1 verbose cli [ '/usr/bin/node',
1 verbose cli   '/usr/bin/npm',
1 verbose cli   'install',
1 verbose cli   '-g',
1 verbose cli   'express',
1 verbose cli   'forever' ]
2 info using npm@1.4.28
3 info using node@v0.10.33
4 verbose node symlink /usr/bin/node
5 verbose cache add [ 'express', null ]
6 verbose cache add name=undefined spec="express" args=["express",null]
7 verbose parsed url { protocol: null,
7 verbose parsed url   slashes: null,
7 verbose parsed url   auth: null,
7 verbose parsed url   host: null,
7 verbose parsed url   port: null,
7 verbose parsed url   hostname: null,
7 verbose parsed url   hash: null,
7 verbose parsed url   search: null,
7 verbose parsed url   query: null,
7 verbose parsed url   pathname: 'express',
7 verbose parsed url   path: 'express',
7 verbose parsed url   href: 'express' }
8 verbose cache add [ 'forever', null ]
9 verbose cache add name=undefined spec="forever" args=["forever",null]
10 verbose parsed url { protocol: null,
10 verbose parsed url   slashes: null,
10 verbose parsed url   auth: null,
10 verbose parsed url   host: null,
10 verbose parsed url   port: null,
10 verbose parsed url   hostname: null,
10 verbose parsed url   hash: null,
10 verbose parsed url   search: null,
10 verbose parsed url   query: null,
10 verbose parsed url   pathname: 'forever',
10 verbose parsed url   path: 'forever',
10 verbose parsed url   href: 'forever' }
11 silly lockFile f3c62de4-express express
12 verbose lock express /home/acrawford/.npm/f3c62de4-express.lock
13 silly lockFile e07f8c4a-forever forever
14 verbose lock forever /home/acrawford/.npm/e07f8c4a-forever.lock
15 silly lockFile f3c62de4-express express
16 silly lockFile f3c62de4-express express
17 silly lockFile e07f8c4a-forever forever
18 silly lockFile e07f8c4a-forever forever
19 verbose addNamed [ 'express', '' ]
20 verbose addNamed [ null, '*' ]
21 silly lockFile 64a534c1-express express@
22 verbose lock express@ /home/acrawford/.npm/64a534c1-express.lock
23 verbose addNamed [ 'forever', '' ]
24 verbose addNamed [ null, '*' ]
25 silly lockFile 28ef027b-forever forever@
26 verbose lock forever@ /home/acrawford/.npm/28ef027b-forever.lock
27 silly addNameRange { name: 'express', range: '*', hasData: false }
28 silly addNameRange { name: 'forever', range: '*', hasData: false }
29 verbose request where is /express
30 verbose request registry https://registry.npmjs.org/
31 verbose request id 623b016c8e17dfdf
32 verbose url raw /express
33 verbose url resolving [ 'https://registry.npmjs.org/', './express' ]
34 verbose url resolved https://registry.npmjs.org/express
35 verbose request where is https://registry.npmjs.org/express
36 info trying registry request attempt 1 at 13:17:01
37 http GET https://registry.npmjs.org/express
38 verbose request where is /forever
39 verbose request registry https://registry.npmjs.org/
40 verbose url raw /forever
41 verbose url resolving [ 'https://registry.npmjs.org/', './forever' ]
42 verbose url resolved https://registry.npmjs.org/forever
43 verbose request where is https://registry.npmjs.org/forever
44 info trying registry request attempt 1 at 13:17:01
45 http GET https://registry.npmjs.org/forever
46 http 200 https://registry.npmjs.org/forever
47 silly registry.get cb [ 200,
47 silly registry.get   { date: 'Mon, 15 Dec 2014 18:25:32 GMT',
47 silly registry.get     server: 'CouchDB/1.5.0 (Erlang OTP/R16B03)',
47 silly registry.get     etag: '"26S81WO9S41HOV08J6T2CH2JW"',
47 silly registry.get     'content-type': 'application/json',
47 silly registry.get     'cache-control': 'max-age=60',
47 silly registry.get     'content-length': '70959',
47 silly registry.get     'accept-ranges': 'bytes',
47 silly registry.get     via: '1.1 varnish',
47 silly registry.get     age: '0',
47 silly registry.get     'x-served-by': 'cache-dfw1820-DFW',
47 silly registry.get     'x-cache': 'HIT',
47 silly registry.get     'x-cache-hits': '1',
47 silly registry.get     'x-timer': 'S1418667932.879218,VS0,VE63',
47 silly registry.get     vary: 'Accept',
47 silly registry.get     'keep-alive': 'timeout=10, max=50',
47 silly registry.get     connection: 'Keep-Alive' } ]
48 silly addNameRange number 2 { name: 'forever', range: '*', hasData: true }
49 silly addNameRange versions [ 'forever',
49 silly addNameRange   [ '0.6.0',
49 silly addNameRange     '0.6.1',
49 silly addNameRange     '0.6.2',
49 silly addNameRange     '0.6.3',
49 silly addNameRange     '0.6.4',
49 silly addNameRange     '0.6.5',
49 silly addNameRange     '0.6.6',
49 silly addNameRange     '0.6.7',
49 silly addNameRange     '0.6.8',
49 silly addNameRange     '0.6.9',
49 silly addNameRange     '0.7.0',
49 silly addNameRange     '0.7.1',
49 silly addNameRange     '0.7.2',
49 silly addNameRange     '0.7.3',
49 silly addNameRange     '0.7.4',
49 silly addNameRange     '0.7.5',
49 silly addNameRange     '0.8.0',
49 silly addNameRange     '0.8.1',
49 silly addNameRange     '0.8.2',
49 silly addNameRange     '0.8.3',
49 silly addNameRange     '0.8.4',
49 silly addNameRange     '0.8.5',
49 silly addNameRange     '0.9.0',
49 silly addNameRange     '0.9.1',
49 silly addNameRange     '0.9.2',
49 silly addNameRange     '0.10.0',
49 silly addNameRange     '0.10.5',
49 silly addNameRange     '0.10.6',
49 silly addNameRange     '0.10.7',
49 silly addNameRange     '0.10.8',
49 silly addNameRange     '0.10.9',
49 silly addNameRange     '0.10.10',
49 silly addNameRange     '0.10.11',
49 silly addNameRange     '0.11.0',
49 silly addNameRange     '0.11.1',
49 silly addNameRange     '0.12.0',
49 silly addNameRange     '0.13.0' ] ]
50 verbose addNamed [ 'forever', '0.13.0' ]
51 verbose addNamed [ '0.13.0', '0.13.0' ]
52 silly lockFile a664d5a5-forever-0-13-0 forever@0.13.0
53 verbose lock forever@0.13.0 /home/acrawford/.npm/a664d5a5-forever-0-13-0.lock
54 silly lockFile 9b60d490-s-org-forever-forever-0-13-0-tgz https://registry.npmjs.org/forever/-/forever-0.13.0.tgz
55 verbose lock https://registry.npmjs.org/forever/-/forever-0.13.0.tgz /home/acrawford/.npm/9b60d490-s-org-forever-forever-0-13-0-tgz.lock
56 verbose addRemoteTarball [ 'https://registry.npmjs.org/forever/-/forever-0.13.0.tgz',
56 verbose addRemoteTarball   '30857921b37994295a23ca1266628fb3aa2c2c00' ]
57 info retry fetch attempt 1 at 13:17:02
58 verbose fetch to= /tmp/npm-19598-zylE_NKs/registry.npmjs.org/forever/-/forever-0.13.0.tgz
59 http GET https://registry.npmjs.org/forever/-/forever-0.13.0.tgz
60 http 200 https://registry.npmjs.org/express
61 silly registry.get cb [ 200,
61 silly registry.get   { date: 'Mon, 15 Dec 2014 18:25:32 GMT',
61 silly registry.get     server: 'CouchDB/1.5.0 (Erlang OTP/R16B03)',
61 silly registry.get     etag: '"CJTV2H86GV34FGPRGYN14DI0U"',
61 silly registry.get     'content-type': 'application/json',
61 silly registry.get     'cache-control': 'max-age=60',
61 silly registry.get     'content-length': '444403',
61 silly registry.get     'accept-ranges': 'bytes',
61 silly registry.get     via: '1.1 varnish',
61 silly registry.get     age: '16',
61 silly registry.get     'x-served-by': 'cache-dfw1835-DFW',
61 silly registry.get     'x-cache': 'HIT',
61 silly registry.get     'x-cache-hits': '2',
61 silly registry.get     'x-timer': 'S1418667932.840247,VS0,VE0',
61 silly registry.get     vary: 'Accept',
61 silly registry.get     'keep-alive': 'timeout=10, max=50',
61 silly registry.get     connection: 'Keep-Alive' } ]
62 http 200 https://registry.npmjs.org/forever/-/forever-0.13.0.tgz
63 silly addNameRange number 2 { name: 'express', range: '*', hasData: true }
64 silly addNameRange versions [ 'express',
64 silly addNameRange   [ '0.14.0',
64 silly addNameRange     '0.14.1',
64 silly addNameRange     '1.0.0',
64 silly addNameRange     '1.0.1',
64 silly addNameRange     '1.0.2',
64 silly addNameRange     '1.0.3',
64 silly addNameRange     '1.0.4',
64 silly addNameRange     '1.0.5',
64 silly addNameRange     '1.0.6',
64 silly addNameRange     '1.0.7',
64 silly addNameRange     '1.0.8',
64 silly addNameRange     '2.0.0',
64 silly addNameRange     '2.1.0',
64 silly addNameRange     '2.1.1',
64 silly addNameRange     '2.2.0',
64 silly addNameRange     '2.2.1',
64 silly addNameRange     '2.2.2',
64 silly addNameRange     '2.3.0',
64 silly addNameRange     '2.3.1',
64 silly addNameRange     '2.3.2',
64 silly addNameRange     '2.3.3',
64 silly addNameRange     '2.3.4',
64 silly addNameRange     '2.3.5',
64 silly addNameRange     '2.3.6',
64 silly addNameRange     '2.3.7',
64 silly addNameRange     '2.3.8',
64 silly addNameRange     '2.3.9',
64 silly addNameRange     '2.3.10',
64 silly addNameRange     '2.3.11',
64 silly addNameRange     '2.3.12',
64 silly addNameRange     '2.4.0',
64 silly addNameRange     '2.4.1',
64 silly addNameRange     '2.4.2',
64 silly addNameRange     '2.4.3',
64 silly addNameRange     '2.4.4',
64 silly addNameRange     '2.4.5',
64 silly addNameRange     '2.4.6',
64 silly addNameRange     '2.4.7',
64 silly addNameRange     '2.5.0',
64 silly addNameRange     '2.5.1',
64 silly addNameRange     '2.5.2',
64 silly addNameRange     '2.5.3',
64 silly addNameRange     '2.5.4',
64 silly addNameRange     '2.5.5',
64 silly addNameRange     '2.5.6',
64 silly addNameRange     '2.5.7',
64 silly addNameRange     '2.5.8',
64 silly addNameRange     '2.5.9',
64 silly addNameRange     '2.5.10',
64 silly addNameRange     '2.5.11',
64 silly addNameRange     '3.0.0',
64 silly addNameRange     '3.0.1',
64 silly addNameRange     '3.0.2',
64 silly addNameRange     '3.0.3',
64 silly addNameRange     '3.0.4',
64 silly addNameRange     '3.0.5',
64 silly addNameRange     '3.0.6',
64 silly addNameRange     '3.1.0',
64 silly addNameRange     '3.1.1',
64 silly addNameRange     '3.1.2',
64 silly addNameRange     '3.2.0',
64 silly addNameRange     '3.2.1',
64 silly addNameRange     '3.2.2',
64 silly addNameRange     '3.2.3',
64 silly addNameRange     '3.2.4',
64 silly addNameRange     '3.2.5',
64 silly addNameRange     '3.2.6',
64 silly addNameRange     '3.3.0',
64 silly addNameRange     '3.3.1',
64 silly addNameRange     '3.3.2',
64 silly addNameRange     '3.3.3',
64 silly addNameRange     '3.3.4',
64 silly addNameRange     '3.3.5',
64 silly addNameRange     '3.3.6',
64 silly addNameRange     '1.0.0-beta',
64 silly addNameRange     '1.0.0-beta2',
64 silly addNameRange     '1.0.0-rc',
64 silly addNameRange     '1.0.0-rc2',
64 silly addNameRange     '1.0.0-rc3',
64 silly addNameRange     '1.0.0-rc4',
64 silly addNameRange     '2.0.0-beta',
64 silly addNameRange     '2.0.0-beta2',
64 silly addNameRange     '2.0.0-beta3',
64 silly addNameRange     '2.0.0-rc',
64 silly addNameRange     '2.0.0-rc2',
64 silly addNameRange     '2.0.0-rc3',
64 silly addNameRange     '3.0.0-alpha1',
64 silly addNameRange     '3.0.0-alpha2',
64 silly addNameRange     '3.0.0-alpha3',
64 silly addNameRange     '3.0.0-alpha4',
64 silly addNameRange     '3.0.0-alpha5',
64 silly addNameRange     '3.0.0-beta1',
64 silly addNameRange     '3.0.0-beta2',
64 silly addNameRange     '3.0.0-beta3',
64 silly addNameRange     '3.0.0-beta4',
64 silly addNameRange     '3.0.0-beta6',
64 silly addNameRange     '3.0.0-beta7',
64 silly addNameRange     '3.0.0-rc1',
64 silly addNameRange     '3.0.0-rc2',
64 silly addNameRange     '3.0.0-rc3',
64 silly addNameRange     '3.0.0-rc4',
64 silly addNameRange     '3.0.0-rc5',
64 silly addNameRange     '3.3.7',
64 silly addNameRange     '3.3.8',
64 silly addNameRange     '3.4.0',
64 silly addNameRange     '3.4.1',
64 silly addNameRange     '3.4.2',
64 silly addNameRange     '3.4.3',
64 silly addNameRange     '3.4.4',
64 silly addNameRange     '3.4.5',
64 silly addNameRange     '3.4.6',
64 silly addNameRange     '3.4.7',
64 silly addNameRange     '3.4.8',
64 silly addNameRange     '4.0.0-rc1',
64 silly addNameRange     '4.0.0-rc2',
64 silly addNameRange     '3.5.0',
64 silly addNameRange     '4.0.0-rc3',
64 silly addNameRange     '4.0.0-rc4',
64 silly addNameRange     '3.5.1',
64 silly addNameRange     '4.0.0',
64 silly addNameRange     '3.5.2',
64 silly addNameRange     '4.1.0',
64 silly addNameRange     '4.1.1',
64 silly addNameRange     '3.5.3',
64 silly addNameRange     '4.1.2',
64 silly addNameRange     '3.6.0',
64 silly addNameRange     '4.2.0',
64 silly addNameRange     '3.7.0',
64 silly addNameRange     '3.8.0',
64 silly addNameRange     '4.3.0',
64 silly addNameRange     '4.3.1',
64 silly addNameRange     '3.8.1',
64 silly addNameRange     '4.3.2',
64 silly addNameRange     '3.9.0',
64 silly addNameRange     '4.4.0',
64 silly addNameRange     '4.4.1',
64 silly addNameRange     '3.10.0',
64 silly addNameRange     '3.10.1',
64 silly addNameRange     '3.10.2',
64 silly addNameRange     '3.10.3',
64 silly addNameRange     '3.10.4',
64 silly addNameRange     '4.4.2',
64 silly addNameRange     '3.10.5',
64 silly addNameRange     '4.4.3',
64 silly addNameRange     '3.11.0',
64 silly addNameRange     '4.4.4',
64 silly addNameRange     '3.12.0',
64 silly addNameRange     '3.12.1',
64 silly addNameRange     '4.4.5',
64 silly addNameRange     '3.13.0',
64 silly addNameRange     '4.5.0',
64 silly addNameRange     '4.5.1',
64 silly addNameRange     '3.14.0',
64 silly addNameRange     '4.6.0',
64 silly addNameRange     '4.6.1',
64 silly addNameRange     '3.15.0',
64 silly addNameRange     '4.7.0',
64 silly addNameRange     '3.15.1',
64 silly addNameRange     '4.7.1',
64 silly addNameRange     '3.15.2',
64 silly addNameRange     '4.7.2',
64 silly addNameRange     '4.7.3',
64 silly addNameRange     '3.15.3',
64 silly addNameRange     '4.7.4',
64 silly addNameRange     '3.16.0',
64 silly addNameRange     '4.8.0',
64 silly addNameRange     '3.16.1',
64 silly addNameRange     '4.8.1',
64 silly addNameRange     '3.16.2',
64 silly addNameRange     '4.8.2',
64 silly addNameRange     '3.16.3',
64 silly addNameRange     '3.16.4',
64 silly addNameRange     '4.8.3',
64 silly addNameRange     '3.16.5',
64 silly addNameRange     '3.16.6',
64 silly addNameRange     '4.8.4',
64 silly addNameRange     '3.16.7',
64 silly addNameRange     '4.8.5',
64 silly addNameRange     '3.16.8',
64 silly addNameRange     '4.8.6',
64 silly addNameRange     '3.16.9',
64 silly addNameRange     '4.8.7',
64 silly addNameRange     '3.16.10',
64 silly addNameRange     '4.8.8',
64 silly addNameRange     '3.17.0',
64 silly addNameRange     '3.17.1',
64 silly addNameRange     '4.9.0',
64 silly addNameRange     '3.17.2',
64 silly addNameRange     '4.9.1',
64 silly addNameRange     '4.9.2',
64 silly addNameRange     '3.17.3',
64 silly addNameRange     '4.9.3',
64 silly addNameRange     '3.17.4',
64 silly addNameRange     '4.9.4',
64 silly addNameRange     '3.17.5',
64 silly addNameRange     '4.9.5',
64 silly addNameRange     '3.17.6',
64 silly addNameRange     '3.17.7',
64 silly addNameRange     '4.9.6',
64 silly addNameRange     '4.9.7',
64 silly addNameRange     '3.17.8',
64 silly addNameRange     '4.9.8',
64 silly addNameRange     '3.18.0',
64 silly addNameRange     '3.18.1',
64 silly addNameRange     '4.10.0',
64 silly addNameRange     '3.18.2',
64 silly addNameRange     '4.10.1',
64 silly addNameRange     '5.0.0-alpha.1',
64 silly addNameRange     '3.18.3',
64 silly addNameRange     '4.10.2',
64 silly addNameRange     '3.18.4',
64 silly addNameRange     '4.10.3',
64 silly addNameRange     '4.10.4',
64 silly addNameRange     '4.10.5',
64 silly addNameRange     '3.18.5',
64 silly addNameRange     '3.18.6',
64 silly addNameRange     '4.10.6' ] ]
65 verbose addNamed [ 'express', '4.10.6' ]
66 verbose addNamed [ '4.10.6', '4.10.6' ]
67 silly lockFile e8f8e85c-express-4-10-6 express@4.10.6
68 verbose lock express@4.10.6 /home/acrawford/.npm/e8f8e85c-express-4-10-6.lock
69 silly lockFile 51a1356c-s-org-express-express-4-10-6-tgz https://registry.npmjs.org/express/-/express-4.10.6.tgz
70 verbose lock https://registry.npmjs.org/express/-/express-4.10.6.tgz /home/acrawford/.npm/51a1356c-s-org-express-express-4-10-6-tgz.lock
71 verbose addRemoteTarball [ 'https://registry.npmjs.org/express/-/express-4.10.6.tgz',
71 verbose addRemoteTarball   'a9015979ccf38b11a39c0f726dcf6c4b85a4e758' ]
72 info retry fetch attempt 1 at 13:17:02
73 verbose fetch to= /tmp/npm-19598-zylE_NKs/registry.npmjs.org/express/-/express-4.10.6.tgz
74 http GET https://registry.npmjs.org/express/-/express-4.10.6.tgz
75 silly lockFile 9b60d490-s-org-forever-forever-0-13-0-tgz https://registry.npmjs.org/forever/-/forever-0.13.0.tgz
76 silly lockFile 9b60d490-s-org-forever-forever-0-13-0-tgz https://registry.npmjs.org/forever/-/forever-0.13.0.tgz
77 silly lockFile a664d5a5-forever-0-13-0 forever@0.13.0
78 silly lockFile a664d5a5-forever-0-13-0 forever@0.13.0
79 silly lockFile 28ef027b-forever forever@
80 silly lockFile 28ef027b-forever forever@
81 http 200 https://registry.npmjs.org/express/-/express-4.10.6.tgz
82 silly lockFile 51a1356c-s-org-express-express-4-10-6-tgz https://registry.npmjs.org/express/-/express-4.10.6.tgz
83 silly lockFile 51a1356c-s-org-express-express-4-10-6-tgz https://registry.npmjs.org/express/-/express-4.10.6.tgz
84 silly lockFile e8f8e85c-express-4-10-6 express@4.10.6
85 silly lockFile e8f8e85c-express-4-10-6 express@4.10.6
86 silly lockFile 64a534c1-express express@
87 silly lockFile 64a534c1-express express@
88 silly resolved [ { name: 'forever',
88 silly resolved     preferGlobal: 'true',
88 silly resolved     description: 'A simple CLI tool for ensuring that a given node script runs continuously (i.e. forever)',
88 silly resolved     version: '0.13.0',
88 silly resolved     author: { name: 'Charlie Robbins', email: 'charlie.robbins@gmail.com' },
88 silly resolved     maintainers: [ [Object], [Object], [Object], [Object], [Object], [Object] ],
88 silly resolved     repository: { type: 'git', url: 'http://github.com/nodejitsu/forever.git' },
88 silly resolved     keywords: [ 'cli', 'fault tolerant', 'sysadmin', 'tools' ],
88 silly resolved     dependencies:
88 silly resolved      { colors: '~0.6.2',
88 silly resolved        cliff: '~0.1.9',
88 silly resolved        flatiron: '~0.4.2',
88 silly resolved        'forever-monitor': '~1.5.1',
88 silly resolved        nconf: '~0.6.9',
88 silly resolved        nssocket: '~0.5.1',
88 silly resolved        optimist: '~0.6.0',
88 silly resolved        timespan: '~2.3.0',
88 silly resolved        utile: '~0.2.1',
88 silly resolved        winston: '~0.8.1' },
88 silly resolved     devDependencies:
88 silly resolved      { broadway: '~0.3.6',
88 silly resolved        eventemitter2: '0.4.x',
88 silly resolved        request: '2.x.x',
88 silly resolved        vows: '0.7.x' },
88 silly resolved     bin: { forever: './bin/forever' },
88 silly resolved     main: './lib/forever',
88 silly resolved     scripts: { test: 'vows test/**/*-test.js --spec -i' },
88 silly resolved     engines: { node: '>= 0.8.x' },
88 silly resolved     gitHead: '8707877ab7b95e011c5216d54b22d561f60b45c6',
88 silly resolved     bugs: { url: 'https://github.com/nodejitsu/forever/issues' },
88 silly resolved     homepage: 'https://github.com/nodejitsu/forever',
88 silly resolved     _id: 'forever@0.13.0',
88 silly resolved     _shasum: '30857921b37994295a23ca1266628fb3aa2c2c00',
88 silly resolved     _from: 'forever@',
88 silly resolved     _npmVersion: '2.1.7',
88 silly resolved     _nodeVersion: '0.10.33',
88 silly resolved     _npmUser: { name: 'indexzero', email: 'charlie.robbins@gmail.com' },
88 silly resolved     dist:
88 silly resolved      { shasum: '30857921b37994295a23ca1266628fb3aa2c2c00',
88 silly resolved        tarball: 'http://registry.npmjs.org/forever/-/forever-0.13.0.tgz' },
88 silly resolved     directories: {},
88 silly resolved     _resolved: 'https://registry.npmjs.org/forever/-/forever-0.13.0.tgz' },
88 silly resolved   { name: 'express',
88 silly resolved     description: 'Fast, unopinionated, minimalist web framework',
88 silly resolved     version: '4.10.6',
88 silly resolved     author: { name: 'TJ Holowaychuk', email: 'tj@vision-media.ca' },
88 silly resolved     contributors:
88 silly resolved      [ [Object],
88 silly resolved        [Object],
88 silly resolved        [Object],
88 silly resolved        [Object],
88 silly resolved        [Object],
88 silly resolved        [Object],
88 silly resolved        [Object] ],
88 silly resolved     license: 'MIT',
88 silly resolved     repository: { type: 'git', url: 'https://github.com/strongloop/express' },
88 silly resolved     homepage: 'http://expressjs.com/',
88 silly resolved     keywords:
88 silly resolved      [ 'express',
88 silly resolved        'framework',
88 silly resolved        'sinatra',
88 silly resolved        'web',
88 silly resolved        'rest',
88 silly resolved        'restful',
88 silly resolved        'router',
88 silly resolved        'app',
88 silly resolved        'api' ],
88 silly resolved     dependencies:
88 silly resolved      { accepts: '~1.1.4',
88 silly resolved        'content-disposition': '0.5.0',
88 silly resolved        'cookie-signature': '1.0.5',
88 silly resolved        debug: '~2.1.0',
88 silly resolved        depd: '~1.0.0',
88 silly resolved        'escape-html': '1.0.1',
88 silly resolved        etag: '~1.5.1',
88 silly resolved        finalhandler: '0.3.2',
88 silly resolved        fresh: '0.2.4',
88 silly resolved        'media-typer': '0.3.0',
88 silly resolved        methods: '1.1.0',
88 silly resolved        'on-finished': '~2.1.1',
88 silly resolved        parseurl: '~1.3.0',
88 silly resolved        'path-to-regexp': '0.1.3',
88 silly resolved        'proxy-addr': '~1.0.4',
88 silly resolved        qs: '2.3.3',
88 silly resolved        'range-parser': '~1.0.2',
88 silly resolved        send: '0.10.1',
88 silly resolved        'serve-static': '~1.7.1',
88 silly resolved        'type-is': '~1.5.4',
88 silly resolved        vary: '~1.0.0',
88 silly resolved        cookie: '0.1.2',
88 silly resolved        'merge-descriptors': '0.0.2',
88 silly resolved        'utils-merge': '1.0.0' },
88 silly resolved     devDependencies:
88 silly resolved      { after: '0.8.1',
88 silly resolved        istanbul: '0.3.5',
88 silly resolved        mocha: '~2.0.0',
88 silly resolved        should: '~4.3.1',
88 silly resolved        supertest: '~0.15.0',
88 silly resolved        ejs: '~1.0.0',
88 silly resolved        marked: '0.3.2',
88 silly resolved        hjs: '~0.0.6',
88 silly resolved        'body-parser': '~1.9.3',
88 silly resolved        'connect-redis': '~2.1.0',
88 silly resolved        'cookie-parser': '~1.3.3',
88 silly resolved        'express-session': '~1.9.2',
88 silly resolved        jade: '~1.7.0',
88 silly resolved        'method-override': '~2.3.0',
88 silly resolved        morgan: '~1.5.0',
88 silly resolved        multiparty: '~4.0.0',
88 silly resolved        vhost: '~3.0.0' },
88 silly resolved     engines: { node: '>= 0.10.0' },
88 silly resolved     files: [ 'LICENSE', 'History.md', 'Readme.md', 'index.js', 'lib/' ],
88 silly resolved     scripts:
88 silly resolved      { test: 'mocha --require test/support/env --reporter spec --bail --check-leaks test/ test/acceptance/',
88 silly resolved        'test-cov': 'istanbul cover node_modules/mocha/bin/_mocha -- --require test/support/env --reporter dot --check-leaks test/ test/acceptance/',
88 silly resolved        'test-tap': 'mocha --require test/support/env --reporter tap --check-leaks test/ test/acceptance/',
88 silly resolved        'test-travis': 'istanbul cover node_modules/mocha/bin/_mocha --report lcovonly -- --require test/support/env --reporter spec --check-leaks test/ test/acceptance/' },
88 silly resolved     gitHead: 'b78bd3d1fd6caf8228a1875078fecce936cb2e46',
88 silly resolved     bugs: { url: 'https://github.com/strongloop/express/issues' },
88 silly resolved     _id: 'express@4.10.6',
88 silly resolved     _shasum: 'a9015979ccf38b11a39c0f726dcf6c4b85a4e758',
88 silly resolved     _from: 'express@',
88 silly resolved     _npmVersion: '1.4.21',
88 silly resolved     _npmUser: { name: 'dougwilson', email: 'doug@somethingdoug.com' },
88 silly resolved     maintainers:
88 silly resolved      [ [Object],
88 silly resolved        [Object],
88 silly resolved        [Object],
88 silly resolved        [Object],
88 silly resolved        [Object],
88 silly resolved        [Object],
88 silly resolved        [Object] ],
88 silly resolved     dist:
88 silly resolved      { shasum: 'a9015979ccf38b11a39c0f726dcf6c4b85a4e758',
88 silly resolved        tarball: 'http://registry.npmjs.org/express/-/express-4.10.6.tgz' },
88 silly resolved     directories: {},
88 silly resolved     _resolved: 'https://registry.npmjs.org/express/-/express-4.10.6.tgz' } ]
89 info install forever@0.13.0 into /usr/lib
90 info install express@4.10.6 into /usr/lib
91 info installOne forever@0.13.0
92 info installOne express@4.10.6
93 verbose lib/node_modules/forever unbuild
94 verbose lib/node_modules/express unbuild
95 verbose tar unpack /home/acrawford/.npm/forever/0.13.0/package.tgz
96 silly lockFile b3dddd35-tar-usr-lib-node-modules-forever tar:///usr/lib/node_modules/forever
97 verbose lock tar:///usr/lib/node_modules/forever /home/acrawford/.npm/b3dddd35-tar-usr-lib-node-modules-forever.lock
98 silly lockFile a1f33433-d-npm-forever-0-13-0-package-tgz tar:///home/acrawford/.npm/forever/0.13.0/package.tgz
99 verbose lock tar:///home/acrawford/.npm/forever/0.13.0/package.tgz /home/acrawford/.npm/a1f33433-d-npm-forever-0-13-0-package-tgz.lock
100 verbose tar unpack /home/acrawford/.npm/express/4.10.6/package.tgz
101 silly lockFile ce544511-tar-usr-lib-node-modules-express tar:///usr/lib/node_modules/express
102 verbose lock tar:///usr/lib/node_modules/express /home/acrawford/.npm/ce544511-tar-usr-lib-node-modules-express.lock
103 silly lockFile 8be728af-d-npm-express-4-10-6-package-tgz tar:///home/acrawford/.npm/express/4.10.6/package.tgz
104 verbose lock tar:///home/acrawford/.npm/express/4.10.6/package.tgz /home/acrawford/.npm/8be728af-d-npm-express-4-10-6-package-tgz.lock
105 silly gunzTarPerm modes [ '775', '664' ]
106 silly gunzTarPerm modes [ '775', '664' ]
107 error Error: EACCES, mkdir '/usr/lib/node_modules/forever'
107 error  { [Error: EACCES, mkdir '/usr/lib/node_modules/forever']
107 error   errno: 3,
107 error   code: 'EACCES',
107 error   path: '/usr/lib/node_modules/forever',
107 error   fstream_type: 'Directory',
107 error   fstream_path: '/usr/lib/node_modules/forever',
107 error   fstream_class: 'DirWriter',
107 error   fstream_stack:
107 error    [ '/usr/lib/node_modules/npm/node_modules/fstream/lib/dir-writer.js:36:23',
107 error      '/usr/lib/node_modules/npm/node_modules/mkdirp/index.js:46:53',
107 error      'Object.oncomplete (fs.js:107:15)' ] }
108 error Please try running this command again as root/Administrator.
109 error System Linux 3.2.0-4-amd64
110 error command "/usr/bin/node" "/usr/bin/npm" "install" "-g" "express" "forever"
111 error cwd /var/www/me/blog
112 error node -v v0.10.33
113 error npm -v 1.4.28
114 error path /usr/lib/node_modules/forever
115 error fstream_path /usr/lib/node_modules/forever
116 error fstream_type Directory
117 error fstream_class DirWriter
118 error code EACCES
119 error errno 3
120 error stack Error: EACCES, mkdir '/usr/lib/node_modules/forever'
121 error fstream_stack /usr/lib/node_modules/npm/node_modules/fstream/lib/dir-writer.js:36:23
121 error fstream_stack /usr/lib/node_modules/npm/node_modules/mkdirp/index.js:46:53
121 error fstream_stack Object.oncomplete (fs.js:107:15)
122 verbose exit [ 3, true ]
